Build started 22-01-2024 11:15:33.
     1>Project "C:\Users\VATSAL JAIN\OneDrive\Documents\Visual Studio 2010\Projects\210101110_Assignment1B\210101110_Assignment1B_cpp\210101110_Assignment1B\210101110_Assignment1B.vcxproj" on node 2 (build target(s)).
     1>InitializeBuildStatus:
         Creating "Debug\210101110_Assignment1B.unsuccessfulbuild" because "AlwaysCreate" was specified.
       ClCompile:
         c:\Program Files (x86)\Microsoft Visual Studio 10.0\VC\bin\CL.exe /c /ZI /nologo /W3 /WX- /Od /Oy- /D WIN32 /D _DEBUG /D _CONSOLE /D _UNICODE /D UNICODE /Gm /EHsc /RTC1 /MDd /GS /fp:precise /Zc:wchar_t /Zc:forScope /Yc"StdAfx.h" /Fp"Debug\210101110_Assignment1B.pch" /Fo"Debug\\" /Fd"Debug\vc100.pdb" /Gd /TP /analyze- /errorReport:prompt stdafx.cpp
         stdafx.cpp
         c:\Program Files (x86)\Microsoft Visual Studio 10.0\VC\bin\CL.exe /c /ZI /nologo /W3 /WX- /Od /Oy- /D WIN32 /D _DEBUG /D _CONSOLE /D _UNICODE /D UNICODE /Gm /EHsc /RTC1 /MDd /GS /fp:precise /Zc:wchar_t /Zc:forScope /Yu"StdAfx.h" /Fp"Debug\210101110_Assignment1B.pch" /Fo"Debug\\" /Fd"Debug\vc100.pdb" /Gd /TP /analyze- /errorReport:prompt 210101110_Assignment1B.cpp
         210101110_Assignment1B.cpp
     1>c:\users\vatsal jain\onedrive\documents\visual studio 2010\projects\210101110_assignment1b\210101110_assignment1b_cpp\210101110_assignment1b\210101110_assignment1b.cpp(94): warning C4244: 'argument' : conversion from '__int64' to 'unsigned int', possible loss of data
     1>c:\users\vatsal jain\onedrive\documents\visual studio 2010\projects\210101110_assignment1b\210101110_assignment1b_cpp\210101110_assignment1b\210101110_assignment1b.cpp(112): warning C4244: 'initializing' : conversion from '__int64' to 'int', possible loss of data
     1>c:\users\vatsal jain\onedrive\documents\visual studio 2010\projects\210101110_assignment1b\210101110_assignment1b_cpp\210101110_assignment1b\210101110_assignment1b.cpp(140): warning C4996: 'getch': The POSIX name for this item is deprecated. Instead, use the ISO C++ conformant name: _getch. See online help for details.
                 c:\program files (x86)\microsoft visual studio 10.0\vc\include\conio.h(128) : see declaration of 'getch'
       ManifestResourceCompile:
         c:\Program Files (x86)\Microsoft SDKs\Windows\v7.0A\bin\rc.exe /nologo /fo"Debug\210101110_Assignment1B.exe.embed.manifest.res" Debug\210101110_Assignment1B_manifest.rc 
       Link:
         c:\Program Files (x86)\Microsoft Visual Studio 10.0\VC\bin\link.exe /ERRORREPORT:PROMPT /OUT:"C:\Users\VATSAL JAIN\OneDrive\Documents\Visual Studio 2010\Projects\210101110_Assignment1B\210101110_Assignment1B_cpp\Debug\210101110_Assignment1B.exe" /INCREMENTAL /NOLOGO kernel32.lib user32.lib gdi32.lib winspool.lib comdlg32.lib advapi32.lib shell32.lib ole32.lib oleaut32.lib uuid.lib odbc32.lib odbccp32.lib /MANIFEST /ManifestFile:"Debug\210101110_Assignment1B.exe.intermediate.manifest" /MANIFESTUAC:"level='asInvoker' uiAccess='false'" /DEBUG /PDB:"C:\Users\VATSAL JAIN\OneDrive\Documents\Visual Studio 2010\Projects\210101110_Assignment1B\210101110_Assignment1B_cpp\Debug\210101110_Assignment1B.pdb" /SUBSYSTEM:CONSOLE /TLBID:1 /DYNAMICBASE /NXCOMPAT /IMPLIB:"C:\Users\VATSAL JAIN\OneDrive\Documents\Visual Studio 2010\Projects\210101110_Assignment1B\210101110_Assignment1B_cpp\Debug\210101110_Assignment1B.lib" /MACHINE:X86 Debug\210101110_Assignment1B.exe.embed.manifest.res
         Debug\210101110_Assignment1B.obj
         Debug\stdafx.obj
       Manifest:
         c:\Program Files (x86)\Microsoft SDKs\Windows\v7.0A\bin\mt.exe /nologo /verbose /out:"Debug\210101110_Assignment1B.exe.embed.manifest" /manifest Debug\210101110_Assignment1B.exe.intermediate.manifest
         All outputs are up-to-date.
       LinkEmbedManifest:
         All outputs are up-to-date.
         210101110_Assignment1B.vcxproj -> C:\Users\VATSAL JAIN\OneDrive\Documents\Visual Studio 2010\Projects\210101110_Assignment1B\210101110_Assignment1B_cpp\Debug\210101110_Assignment1B.exe
       FinalizeBuildStatus:
         Deleting file "Debug\210101110_Assignment1B.unsuccessfulbuild".
         Touching "Debug\210101110_Assignment1B.lastbuildstate".
     1>Done Building Project "C:\Users\VATSAL JAIN\OneDrive\Documents\Visual Studio 2010\Projects\210101110_Assignment1B\210101110_Assignment1B_cpp\210101110_Assignment1B\210101110_Assignment1B.vcxproj" (build target(s)).

Build succeeded.

Time Elapsed 00:00:01.54
